<?xml version="1.0" encoding="UTF-8"?>
<testng-results ignored="0" total="2" passed="2" failed="0" skipped="0">
  <reporter-output>
  </reporter-output>
  <suite started-at="2022-11-10T10:55:40 IST" name="Default suite" finished-at="2022-11-10T10:55:46 IST" duration-ms="5536">
    <groups>
    </groups>
    <test started-at="2022-11-10T10:55:40 IST" name="Default test" finished-at="2022-11-10T10:55:46 IST" duration-ms="5536">
      <class name="test.TestAssignment">
        <test-method signature="Only1WicketKeeper()[pri:0, instance:test.TestAssignment@d6e7bab]" started-at="2022-11-10T10:55:40 IST" name="Only1WicketKeeper" finished-at="2022-11-10T10:55:45 IST" duration-ms="5051" status="PASS">
          <reporter-output>
          </reporter-output>
        </test-method> <!-- Only1WicketKeeper -->
        <test-method signature="Only4ForeignPlayers()[pri:0, instance:test.TestAssignment@d6e7bab]" started-at="2022-11-10T10:55:45 IST" name="Only4ForeignPlayers" finished-at="2022-11-10T10:55:46 IST" duration-ms="442" status="PASS">
          <reporter-output>
          </reporter-output>
        </test-method> <!-- Only4ForeignPlayers -->
      </class> <!-- test.TestAssignment -->
    </test> <!-- Default test -->
  </suite> <!-- Default suite -->
</testng-results>
