<?xml version="1.0" encoding="UTF-8"?>
<testng-results ignored="0" total="2" passed="2" failed="0" skipped="0">
  <reporter-output>
  </reporter-output>
  <suite started-at="2022-11-10T11:03:10 IST" name="Default suite" finished-at="2022-11-10T11:03:16 IST" duration-ms="5782">
    <groups>
    </groups>
    <test started-at="2022-11-10T11:03:10 IST" name="Default test" finished-at="2022-11-10T11:03:16 IST" duration-ms="5782">
      <class name="test.TestAssignment">
        <test-method signature="Only1WicketKeeper()[pri:0, instance:test.TestAssignment@4cc8eb05]" started-at="2022-11-10T11:03:10 IST" name="Only1WicketKeeper" finished-at="2022-11-10T11:03:15 IST" duration-ms="5294" status="PASS">
          <reporter-output>
          </reporter-output>
        </test-method> <!-- Only1WicketKeeper -->
        <test-method signature="Only4ForeignPlayers()[pri:0, instance:test.TestAssignment@4cc8eb05]" started-at="2022-11-10T11:03:15 IST" name="Only4ForeignPlayers" finished-at="2022-11-10T11:03:16 IST" duration-ms="440" status="PASS">
          <reporter-output>
          </reporter-output>
        </test-method> <!-- Only4ForeignPlayers -->
      </class> <!-- test.TestAssignment -->
    </test> <!-- Default test -->
  </suite> <!-- Default suite -->
</testng-results>
